<?xml version="1.0" encoding="UTF-8"?>
<!-- Generated by org.testng.reporters.JUnitXMLReporter -->
<testsuite ignored="0" hostname="FEV-PC" failures="1" tests="5" name="Test" time="47.482" errors="0" timestamp="2023-06-13T17:28:23 ART">
  <testcase classname="com.selenium.Test.TestCaseWiki" name="BusquedaConDiferentesIdiomas" time="5.182"/>
  <testcase classname="com.selenium.Test.TestCaseWiki" name="BusquedaConDiferentesIdiomas" time="8.65">
    <failure type="java.lang.AssertionError" message=" el valor Slenium no se encontró en el título expected [true] but found [false]">
      <![CDATA[java.lang.AssertionError:  el valor Slenium no se encontró en el título expected [true] but found [false]
at com.selenium.Test.TestCaseWiki.BusquedaConDiferentesIdiomas(TestCaseWiki.java:72)
at java.base/java.util.ArrayList.forEach(ArrayList.java:1511)
... Removed 30 stack frames]]>
    </failure>
  </testcase> <!-- BusquedaConDiferentesIdiomas -->
  <testcase classname="com.selenium.Test.TestCaseWiki" name="BusquedaConDiferentesIdiomas" time="5.45"/>
  <testcase classname="com.selenium.Test.TestCaseWiki" name="BusquedaConDiferentesIdiomas" time="5.566"/>
  <testcase classname="com.selenium.Test.TestCaseWiki" name="BusquedaConDiferentesIdiomas" time="5.6"/>
</testsuite> <!-- Test -->
