<?xml version="1.0" encoding="UTF-8"?>
<!-- Generated by org.testng.reporters.JUnitXMLReporter -->
<testsuite ignored="0" hostname="FEV-PC" failures="0" tests="4" name="Test" time="32.586" errors="0" timestamp="2023-06-11T11:08:42 ART">
  <testcase classname="com.selenium.Test.TestCaseWiki2" name="validarCarTextNuevo" time="4.648"/>
  <testcase classname="com.selenium.Test.TestCaseWiki2" name="validarCarTextNuevo" time="4.629"/>
  <testcase classname="com.selenium.Test.TestCaseWiki2" name="validarCarTextNuevo" time="4.998"/>
  <testcase classname="com.selenium.Test.TestCaseWiki2" name="validarCarTextNuevo" time="4.716"/>
</testsuite> <!-- Test -->
