<?xml version="1.0" encoding="UTF-8"?>
<testsuite xmlns:xsi="http://www.w3.org/2001/XMLSchema-instance" xsi:noNamespaceSchemaLocation="https://maven.apache.org/surefire/maven-surefire-plugin/xsd/surefire-test-report.xsd" name="TestSuite" time="33.534" tests="4" errors="0" skipped="0" failures="0">
  <properties>
[...]
</properties>
  <testcase name="validarCarTextNuevo" classname="com.selenium.Test.TestCaseWiki2" time="4.648"/>
  <testcase name="validarCarTextNuevo" classname="com.selenium.Test.TestCaseWiki2" time="4.628"/>
  <testcase name="validarCarTextNuevo" classname="com.selenium.Test.TestCaseWiki2" time="4.998"/>
  <testcase name="validarCarTextNuevo" classname="com.selenium.Test.TestCaseWiki2" time="4.715"/>
</testsuite>