<?xml version="1.0" encoding="UTF-8"?>
<testng-results ignored="0" total="5" passed="4" failed="1" skipped="0">
  <reporter-output>
    <line>
      <![CDATA[Abrir Browser Chrome]]>
    </line>
    <line>
      <![CDATA[Maximizar Browser]]>
    </line>
    <line>
      <![CDATA[Localizar y comprobar que la Caja de Búsqueda se muestre]]>
    </line>
    <line>
      <![CDATA[Recorrer lista de Idiomas de la Caja de Búsqueda]]>
    </line>
    <line>
      <![CDATA[Seleccionamos el idioma: Afrikaans, de la Caja de Búsqueda]]>
    </line>
    <line>
      <![CDATA[Ingresar la palabra Selenium]]>
    </line>
    <line>
      <![CDATA[Presionar Enter]]>
    </line>
    <line>
      <![CDATA[Validar que el ingreso de la búsqueda sea: Selenium]]>
    </line>
    <line>
      <![CDATA[Validar que el título a obtener sea: Seleen]]>
    </line>
    <line>
      <![CDATA[Verificar que el titulo obtenido sea: Seleen]]>
    </line>
    <line>
      <![CDATA[Cerrar Browser]]>
    </line>
    <line>
      <![CDATA[Cerrando el browser]]>
    </line>
    <line>
      <![CDATA[Abrir Browser Chrome]]>
    </line>
    <line>
      <![CDATA[Maximizar Browser]]>
    </line>
    <line>
      <![CDATA[Localizar y comprobar que la Caja de Búsqueda se muestre]]>
    </line>
    <line>
      <![CDATA[Recorrer lista de Idiomas de la Caja de Búsqueda]]>
    </line>
    <line>
      <![CDATA[Seleccionamos el idioma: Español, de la Caja de Búsqueda]]>
    </line>
    <line>
      <![CDATA[Ingresar la palabra Selenium]]>
    </line>
    <line>
      <![CDATA[Presionar Enter]]>
    </line>
    <line>
      <![CDATA[Validar que el ingreso de la búsqueda sea: Selenium]]>
    </line>
    <line>
      <![CDATA[Validar que el título a obtener sea: Slenium]]>
    </line>
    <line>
      <![CDATA[Verificar que el titulo obtenido sea: Selenium]]>
    </line>
    <line>
      <![CDATA[Cerrar Browser]]>
    </line>
    <line>
      <![CDATA[Cerrando el browser]]>
    </line>
    <line>
      <![CDATA[Abrir Browser Chrome]]>
    </line>
    <line>
      <![CDATA[Maximizar Browser]]>
    </line>
    <line>
      <![CDATA[Localizar y comprobar que la Caja de Búsqueda se muestre]]>
    </line>
    <line>
      <![CDATA[Recorrer lista de Idiomas de la Caja de Búsqueda]]>
    </line>
    <line>
      <![CDATA[Seleccionamos el idioma: Português', de la Caja de Búsqueda]]>
    </line>
    <line>
      <![CDATA[Ingresar la palabra Selenium]]>
    </line>
    <line>
      <![CDATA[Presionar Enter]]>
    </line>
    <line>
      <![CDATA[Validar que el ingreso de la búsqueda sea: Selenium]]>
    </line>
    <line>
      <![CDATA[Validar que el título a obtener sea: Selênio]]>
    </line>
    <line>
      <![CDATA[Verificar que el titulo obtenido sea: Selênio]]>
    </line>
    <line>
      <![CDATA[Cerrar Browser]]>
    </line>
    <line>
      <![CDATA[Cerrando el browser]]>
    </line>
    <line>
      <![CDATA[Abrir Browser Chrome]]>
    </line>
    <line>
      <![CDATA[Maximizar Browser]]>
    </line>
    <line>
      <![CDATA[Localizar y comprobar que la Caja de Búsqueda se muestre]]>
    </line>
    <line>
      <![CDATA[Recorrer lista de Idiomas de la Caja de Búsqueda]]>
    </line>
    <line>
      <![CDATA[Seleccionamos el idioma: Deutsch, de la Caja de Búsqueda]]>
    </line>
    <line>
      <![CDATA[Ingresar la palabra Selenium]]>
    </line>
    <line>
      <![CDATA[Presionar Enter]]>
    </line>
    <line>
      <![CDATA[Validar que el ingreso de la búsqueda sea: Selenium]]>
    </line>
    <line>
      <![CDATA[Validar que el título a obtener sea: Selenium]]>
    </line>
    <line>
      <![CDATA[Verificar que el titulo obtenido sea: Selenium]]>
    </line>
    <line>
      <![CDATA[Cerrar Browser]]>
    </line>
    <line>
      <![CDATA[Cerrando el browser]]>
    </line>
    <line>
      <![CDATA[Abrir Browser Chrome]]>
    </line>
    <line>
      <![CDATA[Maximizar Browser]]>
    </line>
    <line>
      <![CDATA[Localizar y comprobar que la Caja de Búsqueda se muestre]]>
    </line>
    <line>
      <![CDATA[Recorrer lista de Idiomas de la Caja de Búsqueda]]>
    </line>
    <line>
      <![CDATA[Seleccionamos el idioma: English, de la Caja de Búsqueda]]>
    </line>
    <line>
      <![CDATA[Ingresar la palabra Selenium]]>
    </line>
    <line>
      <![CDATA[Presionar Enter]]>
    </line>
    <line>
      <![CDATA[Validar que el ingreso de la búsqueda sea: Selenium]]>
    </line>
    <line>
      <![CDATA[Validar que el título a obtener sea: Selenium]]>
    </line>
    <line>
      <![CDATA[Verificar que el titulo obtenido sea: Selenium]]>
    </line>
    <line>
      <![CDATA[Cerrar Browser]]>
    </line>
    <line>
      <![CDATA[Cerrando el browser]]>
    </line>
  </reporter-output>
  <suite started-at="2023-06-13T17:27:35 ART" name="Suite" finished-at="2023-06-13T17:28:23 ART" duration-ms="47482">
    <groups>
    </groups>
    <test started-at="2023-06-13T17:27:35 ART" name="Test" finished-at="2023-06-13T17:28:23 ART" duration-ms="47482">
      <class name="com.selenium.Test.TestCaseWiki">
        <test-method is-config="true" signature="abrirBrowser(org.testng.ITestContext)[pri:0, instance:com.selenium.Test.TestCaseWiki@c88a337]" started-at="2023-06-13T17:27:36 ART" name="abrirBrowser" finished-at="2023-06-13T17:27:40 ART" duration-ms="4077" status="PASS">
          <params>
            <param index="0">
              <value>
                <![CDATA[org.testng.TestRunner@5dcd0cdf]]>
              </value>
            </param>
          </params>
          <reporter-output>
            <line>
              <![CDATA[Abrir Browser Chrome]]>
            </line>
            <line>
              <![CDATA[Maximizar Browser]]>
            </line>
          </reporter-output>
        </test-method> <!-- abrirBrowser -->
        <test-method signature="BusquedaConDiferentesIdiomas(java.lang.String,java.lang.String,java.lang.String,java.lang.String)[pri:0, instance:com.selenium.Test.TestCaseWiki@c88a337]" started-at="2023-06-13T17:27:40 ART" name="BusquedaConDiferentesIdiomas" description="Validar que funcionen búsquedas con diferentes idiomas - TDD" data-provider="dataIdiomas" finished-at="2023-06-13T17:27:45 ART" duration-ms="5182" status="PASS">
          <params>
            <param index="0">
              <value>
                <![CDATA[af]]>
              </value>
            </param>
            <param index="1">
              <value>
                <![CDATA[Selenium]]>
              </value>
            </param>
            <param index="2">
              <value>
                <![CDATA[Seleen]]>
              </value>
            </param>
            <param index="3">
              <value>
                <![CDATA[Afrikaans]]>
              </value>
            </param>
          </params>
          <reporter-output>
            <line>
              <![CDATA[Localizar y comprobar que la Caja de Búsqueda se muestre]]>
            </line>
            <line>
              <![CDATA[Recorrer lista de Idiomas de la Caja de Búsqueda]]>
            </line>
            <line>
              <![CDATA[Seleccionamos el idioma: Afrikaans, de la Caja de Búsqueda]]>
            </line>
            <line>
              <![CDATA[Ingresar la palabra Selenium]]>
            </line>
            <line>
              <![CDATA[Presionar Enter]]>
            </line>
            <line>
              <![CDATA[Validar que el ingreso de la búsqueda sea: Selenium]]>
            </line>
            <line>
              <![CDATA[Validar que el título a obtener sea: Seleen]]>
            </line>
            <line>
              <![CDATA[Verificar que el titulo obtenido sea: Seleen]]>
            </line>
          </reporter-output>
        </test-method> <!-- BusquedaConDiferentesIdiomas -->
        <test-method is-config="true" signature="cerrarBrowser()[pri:0, instance:com.selenium.Test.TestCaseWiki@c88a337]" started-at="2023-06-13T17:27:45 ART" name="cerrarBrowser" finished-at="2023-06-13T17:27:45 ART" duration-ms="385" status="PASS">
          <reporter-output>
            <line>
              <![CDATA[Cerrar Browser]]>
            </line>
            <line>
              <![CDATA[Cerrando el browser]]>
            </line>
          </reporter-output>
        </test-method> <!-- cerrarBrowser -->
        <test-method is-config="true" signature="abrirBrowser(org.testng.ITestContext)[pri:0, instance:com.selenium.Test.TestCaseWiki@c88a337]" started-at="2023-06-13T17:27:45 ART" name="abrirBrowser" finished-at="2023-06-13T17:27:48 ART" duration-ms="2608" status="PASS">
          <params>
            <param index="0">
              <value>
                <![CDATA[org.testng.TestRunner@5dcd0cdf]]>
              </value>
            </param>
          </params>
          <reporter-output>
            <line>
              <![CDATA[Abrir Browser Chrome]]>
            </line>
            <line>
              <![CDATA[Maximizar Browser]]>
            </line>
          </reporter-output>
        </test-method> <!-- abrirBrowser -->
        <test-method signature="BusquedaConDiferentesIdiomas(java.lang.String,java.lang.String,java.lang.String,java.lang.String)[pri:0, instance:com.selenium.Test.TestCaseWiki@c88a337]" started-at="2023-06-13T17:27:48 ART" name="BusquedaConDiferentesIdiomas" description="Validar que funcionen búsquedas con diferentes idiomas - TDD" data-provider="dataIdiomas" finished-at="2023-06-13T17:27:56 ART" duration-ms="8650" status="FAIL">
          <params>
            <param index="0">
              <value>
                <![CDATA[es]]>
              </value>
            </param>
            <param index="1">
              <value>
                <![CDATA[Selenium]]>
              </value>
            </param>
            <param index="2">
              <value>
                <![CDATA[Slenium]]>
              </value>
            </param>
            <param index="3">
              <value>
                <![CDATA[Español]]>
              </value>
            </param>
          </params>
          <exception class="java.lang.AssertionError">
            <message>
              <![CDATA[ el valor Slenium no se encontró en el título expected [true] but found [false]]]>
            </message>
            <full-stacktrace>
              <![CDATA[java.lang.AssertionError:  el valor Slenium no se encontró en el título expected [true] but found [false]
at org.testng.Assert.fail(Assert.java:99)
at org.testng.Assert.failNotEquals(Assert.java:1037)
at org.testng.Assert.assertTrue(Assert.java:45)
at com.selenium.Test.TestCaseWiki.BusquedaConDiferentesIdiomas(TestCaseWiki.java:72)
at java.base/jdk.internal.reflect.NativeMethodAccessorImpl.invoke0(Native Method)
at java.base/jdk.internal.reflect.NativeMethodAccessorImpl.invoke(NativeMethodAccessorImpl.java:77)
at java.base/jdk.internal.reflect.DelegatingMethodAccessorImpl.invoke(DelegatingMethodAccessorImpl.java:43)
at java.base/java.lang.reflect.Method.invoke(Method.java:568)
at org.testng.internal.MethodInvocationHelper.invokeMethod(MethodInvocationHelper.java:133)
at org.testng.internal.TestInvoker.invokeMethod(TestInvoker.java:598)
at org.testng.internal.TestInvoker.invokeTestMethod(TestInvoker.java:173)
at org.testng.internal.MethodRunner.runInSequence(MethodRunner.java:46)
at org.testng.internal.TestInvoker$MethodInvocationAgent.invoke(TestInvoker.java:824)
at org.testng.internal.TestInvoker.invokeTestMethods(TestInvoker.java:146)
at org.testng.internal.TestMethodWorker.invokeTestMethods(TestMethodWorker.java:146)
at org.testng.internal.TestMethodWorker.run(TestMethodWorker.java:128)
at java.base/java.util.ArrayList.forEach(ArrayList.java:1511)
at org.testng.TestRunner.privateRun(TestRunner.java:794)
at org.testng.TestRunner.run(TestRunner.java:596)
at org.testng.SuiteRunner.runTest(SuiteRunner.java:377)
at org.testng.SuiteRunner.runSequentially(SuiteRunner.java:371)
at org.testng.SuiteRunner.privateRun(SuiteRunner.java:332)
at org.testng.SuiteRunner.run(SuiteRunner.java:276)
at org.testng.SuiteRunnerWorker.runSuite(SuiteRunnerWorker.java:53)
at org.testng.SuiteRunnerWorker.run(SuiteRunnerWorker.java:96)
at org.testng.TestNG.runSuitesSequentially(TestNG.java:1212)
at org.testng.TestNG.runSuitesLocally(TestNG.java:1134)
at org.testng.TestNG.runSuites(TestNG.java:1063)
at org.testng.TestNG.run(TestNG.java:1031)
at org.testng.remote.AbstractRemoteTestNG.run(AbstractRemoteTestNG.java:115)
at org.testng.remote.RemoteTestNG.initAndRun(RemoteTestNG.java:251)
at org.testng.remote.RemoteTestNG.main(RemoteTestNG.java:77)
]]>
            </full-stacktrace>
          </exception> <!-- java.lang.AssertionError -->
          <reporter-output>
            <line>
              <![CDATA[Localizar y comprobar que la Caja de Búsqueda se muestre]]>
            </line>
            <line>
              <![CDATA[Recorrer lista de Idiomas de la Caja de Búsqueda]]>
            </line>
            <line>
              <![CDATA[Seleccionamos el idioma: Español, de la Caja de Búsqueda]]>
            </line>
            <line>
              <![CDATA[Ingresar la palabra Selenium]]>
            </line>
            <line>
              <![CDATA[Presionar Enter]]>
            </line>
            <line>
              <![CDATA[Validar que el ingreso de la búsqueda sea: Selenium]]>
            </line>
            <line>
              <![CDATA[Validar que el título a obtener sea: Slenium]]>
            </line>
            <line>
              <![CDATA[Verificar que el titulo obtenido sea: Selenium]]>
            </line>
          </reporter-output>
        </test-method> <!-- BusquedaConDiferentesIdiomas -->
        <test-method is-config="true" signature="cerrarBrowser()[pri:0, instance:com.selenium.Test.TestCaseWiki@c88a337]" started-at="2023-06-13T17:27:56 ART" name="cerrarBrowser" finished-at="2023-06-13T17:27:57 ART" duration-ms="333" status="PASS">
          <reporter-output>
            <line>
              <![CDATA[Cerrar Browser]]>
            </line>
            <line>
              <![CDATA[Cerrando el browser]]>
            </line>
          </reporter-output>
        </test-method> <!-- cerrarBrowser -->
        <test-method is-config="true" signature="abrirBrowser(org.testng.ITestContext)[pri:0, instance:com.selenium.Test.TestCaseWiki@c88a337]" started-at="2023-06-13T17:27:57 ART" name="abrirBrowser" finished-at="2023-06-13T17:28:00 ART" duration-ms="3285" status="PASS">
          <params>
            <param index="0">
              <value>
                <![CDATA[org.testng.TestRunner@5dcd0cdf]]>
              </value>
            </param>
          </params>
          <reporter-output>
            <line>
              <![CDATA[Abrir Browser Chrome]]>
            </line>
            <line>
              <![CDATA[Maximizar Browser]]>
            </line>
          </reporter-output>
        </test-method> <!-- abrirBrowser -->
        <test-method signature="BusquedaConDiferentesIdiomas(java.lang.String,java.lang.String,java.lang.String,java.lang.String)[pri:0, instance:com.selenium.Test.TestCaseWiki@c88a337]" started-at="2023-06-13T17:28:00 ART" name="BusquedaConDiferentesIdiomas" description="Validar que funcionen búsquedas con diferentes idiomas - TDD" data-provider="dataIdiomas" finished-at="2023-06-13T17:28:06 ART" duration-ms="5450" status="PASS">
          <params>
            <param index="0">
              <value>
                <![CDATA[pt]]>
              </value>
            </param>
            <param index="1">
              <value>
                <![CDATA[Selenium]]>
              </value>
            </param>
            <param index="2">
              <value>
                <![CDATA[Selênio]]>
              </value>
            </param>
            <param index="3">
              <value>
                <![CDATA[Português']]>
              </value>
            </param>
          </params>
          <reporter-output>
            <line>
              <![CDATA[Localizar y comprobar que la Caja de Búsqueda se muestre]]>
            </line>
            <line>
              <![CDATA[Recorrer lista de Idiomas de la Caja de Búsqueda]]>
            </line>
            <line>
              <![CDATA[Seleccionamos el idioma: Português', de la Caja de Búsqueda]]>
            </line>
            <line>
              <![CDATA[Ingresar la palabra Selenium]]>
            </line>
            <line>
              <![CDATA[Presionar Enter]]>
            </line>
            <line>
              <![CDATA[Validar que el ingreso de la búsqueda sea: Selenium]]>
            </line>
            <line>
              <![CDATA[Validar que el título a obtener sea: Selênio]]>
            </line>
            <line>
              <![CDATA[Verificar que el titulo obtenido sea: Selênio]]>
            </line>
          </reporter-output>
        </test-method> <!-- BusquedaConDiferentesIdiomas -->
        <test-method is-config="true" signature="cerrarBrowser()[pri:0, instance:com.selenium.Test.TestCaseWiki@c88a337]" started-at="2023-06-13T17:28:06 ART" name="cerrarBrowser" finished-at="2023-06-13T17:28:06 ART" duration-ms="407" status="PASS">
          <reporter-output>
            <line>
              <![CDATA[Cerrar Browser]]>
            </line>
            <line>
              <![CDATA[Cerrando el browser]]>
            </line>
          </reporter-output>
        </test-method> <!-- cerrarBrowser -->
        <test-method is-config="true" signature="abrirBrowser(org.testng.ITestContext)[pri:0, instance:com.selenium.Test.TestCaseWiki@c88a337]" started-at="2023-06-13T17:28:06 ART" name="abrirBrowser" finished-at="2023-06-13T17:28:09 ART" duration-ms="2585" status="PASS">
          <params>
            <param index="0">
              <value>
                <![CDATA[org.testng.TestRunner@5dcd0cdf]]>
              </value>
            </param>
          </params>
          <reporter-output>
            <line>
              <![CDATA[Abrir Browser Chrome]]>
            </line>
            <line>
              <![CDATA[Maximizar Browser]]>
            </line>
          </reporter-output>
        </test-method> <!-- abrirBrowser -->
        <test-method signature="BusquedaConDiferentesIdiomas(java.lang.String,java.lang.String,java.lang.String,java.lang.String)[pri:0, instance:com.selenium.Test.TestCaseWiki@c88a337]" started-at="2023-06-13T17:28:09 ART" name="BusquedaConDiferentesIdiomas" description="Validar que funcionen búsquedas con diferentes idiomas - TDD" data-provider="dataIdiomas" finished-at="2023-06-13T17:28:14 ART" duration-ms="5566" status="PASS">
          <params>
            <param index="0">
              <value>
                <![CDATA[de]]>
              </value>
            </param>
            <param index="1">
              <value>
                <![CDATA[Selenium]]>
              </value>
            </param>
            <param index="2">
              <value>
                <![CDATA[Selenium]]>
              </value>
            </param>
            <param index="3">
              <value>
                <![CDATA[Deutsch]]>
              </value>
            </param>
          </params>
          <reporter-output>
            <line>
              <![CDATA[Localizar y comprobar que la Caja de Búsqueda se muestre]]>
            </line>
            <line>
              <![CDATA[Recorrer lista de Idiomas de la Caja de Búsqueda]]>
            </line>
            <line>
              <![CDATA[Seleccionamos el idioma: Deutsch, de la Caja de Búsqueda]]>
            </line>
            <line>
              <![CDATA[Ingresar la palabra Selenium]]>
            </line>
            <line>
              <![CDATA[Presionar Enter]]>
            </line>
            <line>
              <![CDATA[Validar que el ingreso de la búsqueda sea: Selenium]]>
            </line>
            <line>
              <![CDATA[Validar que el título a obtener sea: Selenium]]>
            </line>
            <line>
              <![CDATA[Verificar que el titulo obtenido sea: Selenium]]>
            </line>
          </reporter-output>
        </test-method> <!-- BusquedaConDiferentesIdiomas -->
        <test-method is-config="true" signature="cerrarBrowser()[pri:0, instance:com.selenium.Test.TestCaseWiki@c88a337]" started-at="2023-06-13T17:28:14 ART" name="cerrarBrowser" finished-at="2023-06-13T17:28:15 ART" duration-ms="485" status="PASS">
          <reporter-output>
            <line>
              <![CDATA[Cerrar Browser]]>
            </line>
            <line>
              <![CDATA[Cerrando el browser]]>
            </line>
          </reporter-output>
        </test-method> <!-- cerrarBrowser -->
        <test-method is-config="true" signature="abrirBrowser(org.testng.ITestContext)[pri:0, instance:com.selenium.Test.TestCaseWiki@c88a337]" started-at="2023-06-13T17:28:15 ART" name="abrirBrowser" finished-at="2023-06-13T17:28:17 ART" duration-ms="2443" status="PASS">
          <params>
            <param index="0">
              <value>
                <![CDATA[org.testng.TestRunner@5dcd0cdf]]>
              </value>
            </param>
          </params>
          <reporter-output>
            <line>
              <![CDATA[Abrir Browser Chrome]]>
            </line>
            <line>
              <![CDATA[Maximizar Browser]]>
            </line>
          </reporter-output>
        </test-method> <!-- abrirBrowser -->
        <test-method signature="BusquedaConDiferentesIdiomas(java.lang.String,java.lang.String,java.lang.String,java.lang.String)[pri:0, instance:com.selenium.Test.TestCaseWiki@c88a337]" started-at="2023-06-13T17:28:17 ART" name="BusquedaConDiferentesIdiomas" description="Validar que funcionen búsquedas con diferentes idiomas - TDD" data-provider="dataIdiomas" finished-at="2023-06-13T17:28:23 ART" duration-ms="5600" status="PASS">
          <params>
            <param index="0">
              <value>
                <![CDATA[en]]>
              </value>
            </param>
            <param index="1">
              <value>
                <![CDATA[Selenium]]>
              </value>
            </param>
            <param index="2">
              <value>
                <![CDATA[Selenium]]>
              </value>
            </param>
            <param index="3">
              <value>
                <![CDATA[English]]>
              </value>
            </param>
          </params>
          <reporter-output>
            <line>
              <![CDATA[Localizar y comprobar que la Caja de Búsqueda se muestre]]>
            </line>
            <line>
              <![CDATA[Recorrer lista de Idiomas de la Caja de Búsqueda]]>
            </line>
            <line>
              <![CDATA[Seleccionamos el idioma: English, de la Caja de Búsqueda]]>
            </line>
            <line>
              <![CDATA[Ingresar la palabra Selenium]]>
            </line>
            <line>
              <![CDATA[Presionar Enter]]>
            </line>
            <line>
              <![CDATA[Validar que el ingreso de la búsqueda sea: Selenium]]>
            </line>
            <line>
              <![CDATA[Validar que el título a obtener sea: Selenium]]>
            </line>
            <line>
              <![CDATA[Verificar que el titulo obtenido sea: Selenium]]>
            </line>
          </reporter-output>
        </test-method> <!-- BusquedaConDiferentesIdiomas -->
        <test-method is-config="true" signature="cerrarBrowser()[pri:0, instance:com.selenium.Test.TestCaseWiki@c88a337]" started-at="2023-06-13T17:28:23 ART" name="cerrarBrowser" finished-at="2023-06-13T17:28:23 ART" duration-ms="352" status="PASS">
          <reporter-output>
            <line>
              <![CDATA[Cerrar Browser]]>
            </line>
            <line>
              <![CDATA[Cerrando el browser]]>
            </line>
          </reporter-output>
        </test-method> <!-- cerrarBrowser -->
      </class> <!-- com.selenium.Test.TestCaseWiki -->
    </test> <!-- Test -->
  </suite> <!-- Suite -->
</testng-results>
